# JRE version: OpenJDK Runtime Environment Corretto-21.0.0.35.1 (21.0+35) (build 21+35-LTS)
# Java VM: OpenJDK 64-Bit Server VM Corretto-21.0.0.35.1 (21+35-LTS, mixed mode, sharing, tiered, compressed oops, compressed class ptrs, g1 gc, windows-amd64)
GC Precious Log:
 CardTable entry size: 512
 Card Set container configuration: InlinePtr #cards 5 size 8 Array Of Cards #cards 12 size 40 Howl #buckets 4 coarsen threshold 1843 Howl Bitmap #cards 512 size 80 coarsen threshold 460 Card regions per heap region 1 cards per card region 2048
 CPUs: 4 total, 4 available
 Memory: 8071M
 Large Page Support: Disabled
 NUMA Support: Disabled
 Compressed Oops: Enabled (32-bit)
 Heap Region Size: 1M
 Heap Min Capacity: 256M
 Heap Initial Capacity: 256M
 Heap Max Capacity: 512M
 Pre-touch: Disabled
 Parallel Workers: 4
 Concurrent Workers: 1
 Concurrent Refinement Workers: 4
 Periodic GC: Disabled
Heap:
 garbage-first heap   total 262144K, used 189195K [0x00000000e0000000, 0x0000000100000000)
  region size 1024K, 147 young (150528K), 16 survivors (16384K)
 Metaspace       used 66696K, committed 68608K, reserved 393216K
  class space    used 9199K, committed 10176K, reserved 327680K
GC Heap History (20 events):
Event: 2.351 GC heap before
{Heap before GC invocations=1 (full 0):
 garbage-first heap   total 262144K, used 22760K [0x00000000e0000000, 0x0000000100000000)
  region size 1024K, 18 young (18432K), 2 survivors (2048K)
 Metaspace       used 4054K, committed 4224K, reserved 393216K
  class space    used 502K, committed 576K, reserved 327680K
}
Event: 2.357 GC heap after
{Heap after GC invocations=2 (full 0):
 garbage-first heap   total 262144K, used 10948K [0x00000000e0000000, 0x0000000100000000)
  region size 1024K, 3 young (3072K), 3 survivors (3072K)
 Metaspace       used 4054K, committed 4224K, reserved 393216K
  class space    used 502K, committed 576K, reserved 327680K
}
Event: 2.806 GC heap before
{Heap before GC invocations=2 (full 0):
 garbage-first heap   total 262144K, used 32452K [0x00000000e0000000, 0x0000000100000000)
  region size 1024K, 24 young (24576K), 3 survivors (3072K)
 Metaspace       used 4170K, committed 4416K, reserved 393216K
  class space    used 503K, committed 640K, reserved 327680K
}
Event: 2.810 GC heap after
{Heap after GC invocations=3 (full 0):
 garbage-first heap   total 262144K, used 13332K [0x00000000e0000000, 0x0000000100000000)
  region size 1024K, 3 young (3072K), 3 survivors (3072K)
 Metaspace       used 4170K, committed 4416K, reserved 393216K
  class space    used 503K, committed 640K, reserved 327680K
}
Event: 6.618 GC heap before
{Heap before GC invocations=3 (full 0):
 garbage-first heap   total 262144K, used 112660K [0x00000000e0000000, 0x0000000100000000)
  region size 1024K, 101 young (103424K), 3 survivors (3072K)
 Metaspace       used 20745K, committed 21504K, reserved 393216K
  class space    used 3051K, committed 3392K, reserved 327680K
}
Event: 6.633 GC heap after
{Heap after GC invocations=4 (full 0):
 garbage-first heap   total 262144K, used 23189K [0x00000000e0000000, 0x0000000100000000)
  region size 1024K, 12 young (12288K), 12 survivors (12288K)
 Metaspace       used 20745K, committed 21504K, reserved 393216K
  class space    used 3051K, committed 3392K, reserved 327680K
}
Event: 9.268 GC heap before
{Heap before GC invocations=5 (full 0):
 garbage-first heap   total 262144K, used 122517K [0x00000000e0000000, 0x0000000100000000)
  region size 1024K, 110 young (112640K), 12 survivors (12288K)
 Metaspace       used 34009K, committed 35200K, reserved 393216K
  class space    used 4853K, committed 5440K, reserved 327680K
}
Event: 9.292 GC heap after
{Heap after GC invocations=6 (full 0):
 garbage-first heap   total 262144K, used 31597K [0x00000000e0000000, 0x0000000100000000)
  region size 1024K, 9 young (9216K), 9 survivors (9216K)
 Metaspace       used 34009K, committed 35200K, reserved 393216K
  class space    used 4853K, committed 5440K, reserved 327680K
}
Event: 9.387 GC heap before
{Heap before GC invocations=6 (full 0):
 garbage-first heap   total 262144K, used 38765K [0x00000000e0000000, 0x0000000100000000)
  region size 1024K, 13 young (13312K), 9 survivors (9216K)
 Metaspace       used 34811K, committed 35968K, reserved 393216K
  class space    used 4870K, committed 5440K, reserved 327680K
}
Event: 9.399 GC heap after
{Heap after GC invocations=7 (full 0):
 garbage-first heap   total 262144K, used 31232K [0x00000000e0000000, 0x0000000100000000)
  region size 1024K, 1 young (1024K), 1 survivors (1024K)
 Metaspace       used 34811K, committed 35968K, reserved 393216K
  class space    used 4870K, committed 5440K, reserved 327680K
}
Event: 9.433 GC heap before
{Heap before GC invocations=7 (full 0):
 garbage-first heap   total 262144K, used 32256K [0x00000000e0000000, 0x0000000100000000)
  region size 1024K, 3 young (3072K), 1 survivors (1024K)
 Metaspace       used 35083K, committed 36288K, reserved 393216K
  class space    used 4893K, committed 5504K, reserved 327680K
}
Event: 9.435 GC heap after
{Heap after GC invocations=8 (full 0):
 garbage-first heap   total 262144K, used 30781K [0x00000000e0000000, 0x0000000100000000)
  region size 1024K, 1 young (1024K), 1 survivors (1024K)
 Metaspace       used 35083K, committed 36288K, reserved 393216K
  class space    used 4893K, committed 5504K, reserved 327680K
}
Event: 14.096 GC heap before
{Heap before GC invocations=9 (full 0):
 garbage-first heap   total 262144K, used 170045K [0x00000000e0000000, 0x0000000100000000)
  region size 1024K, 136 young (139264K), 1 survivors (1024K)
 Metaspace       used 49055K, committed 50880K, reserved 393216K
  class space    used 7051K, committed 8000K, reserved 327680K
}
Event: 14.120 GC heap after
{Heap after GC invocations=10 (full 0):
 garbage-first heap   total 262144K, used 41767K [0x00000000e0000000, 0x0000000100000000)
  region size 1024K, 12 young (12288K), 12 survivors (12288K)
 Metaspace       used 49055K, committed 50880K, reserved 393216K
  class space    used 7051K, committed 8000K, reserved 327680K
}
Event: 17.283 GC heap before
{Heap before GC invocations=10 (full 0):
 garbage-first heap   total 262144K, used 113447K [0x00000000e0000000, 0x0000000100000000)
  region size 1024K, 83 young (84992K), 12 survivors (12288K)
 Metaspace       used 58950K, committed 60800K, reserved 393216K
  class space    used 8539K, committed 9472K, reserved 327680K
}
Event: 17.311 GC heap after
{Heap after GC invocations=11 (full 0):
 garbage-first heap   total 262144K, used 47880K [0x00000000e0000000, 0x0000000100000000)
  region size 1024K, 7 young (7168K), 7 survivors (7168K)
 Metaspace       used 58950K, committed 60800K, reserved 393216K
  class space    used 8539K, committed 9472K, reserved 327680K
}
Event: 17.352 GC heap before
{Heap before GC invocations=11 (full 0):
 garbage-first heap   total 262144K, used 48904K [0x00000000e0000000, 0x0000000100000000)
  region size 1024K, 9 young (9216K), 7 survivors (7168K)
 Metaspace       used 59284K, committed 61120K, reserved 393216K
  class space    used 8586K, committed 9472K, reserved 327680K
}
Event: 17.362 GC heap after
{Heap after GC invocations=12 (full 0):
 garbage-first heap   total 262144K, used 48486K [0x00000000e0000000, 0x0000000100000000)
  region size 1024K, 7 young (7168K), 7 survivors (7168K)
 Metaspace       used 59284K, committed 61120K, reserved 393216K
  class space    used 8586K, committed 9472K, reserved 327680K
}
Event: 1790.693 GC heap before
{Heap before GC invocations=13 (full 0):
 garbage-first heap   total 262144K, used 196966K [0x00000000e0000000, 0x0000000100000000)
  region size 1024K, 153 young (156672K), 7 survivors (7168K)
 Metaspace       used 65317K, committed 67200K, reserved 393216K
  class space    used 9175K, committed 10112K, reserved 327680K
}
Event: 1790.843 GC heap after
{Heap after GC invocations=14 (full 0):
 garbage-first heap   total 262144K, used 57099K [0x00000000e0000000, 0x0000000100000000)
  region size 1024K, 16 young (16384K), 16 survivors (16384K)
 Metaspace       used 65317K, committed 67200K, reserved 393216K
  class space    used 9175K, committed 10112K, reserved 327680K
}

